<?xml version="1.0" encoding="UTF-8"?>
<!-- Generated by org.testng.reporters.JUnitReportReporter -->
<testsuite skipped="0" hostname="DESKTOP-BI6QJ3M" name="testcases.Travels_LogIn" tests="10" failures="0" timestamp="02 Jun 2017 17:06:12 GMT" time="54.513" errors="0">
  <testcase name="TC_01_Not_input_email_and_password" time="1.672" classname="testcases.Travels_LogIn"/>
  <testcase name="TC_04_Login_with_an_invalid_account" time="2.988" classname="testcases.Travels_LogIn"/>
  <testcase name="TC_02_LogIn_with_a_valid_email_format_without_password" time="6.926" classname="testcases.Travels_LogIn"/>
  <testcase name="TC_05_Login_successfully" time="7.448" classname="testcases.Travels_LogIn"/>
  <testcase name="TC_04_Login_with_an_invalid_account" time="6.276" classname="testcases.Travels_LogIn"/>
  <testcase name="TC_03_Login_with_a_password_without_email" time="5.558" classname="testcases.Travels_LogIn"/>
  <testcase name="TC_02_LogIn_with_a_valid_email_format_without_password" time="2.892" classname="testcases.Travels_LogIn"/>
  <testcase name="TC_03_Login_with_a_password_without_email" time="2.195" classname="testcases.Travels_LogIn"/>
  <testcase name="TC_01_Not_input_email_and_password" time="3.449" classname="testcases.Travels_LogIn"/>
  <testcase name="TC_05_Login_successfully" time="15.109" classname="testcases.Travels_LogIn"/>
</testsuite> <!-- testcases.Travels_LogIn -->
