<?xml version="1.0" encoding="UTF-8"?>
<!-- Generated by org.testng.reporters.JUnitReportReporter -->
<testsuite skipped="0" hostname="DESKTOP-BI6QJ3M" name="testcases_cloud.Travels_SignUp_cloud" tests="6" failures="0" timestamp="06 Jun 2017 16:30:09 GMT" time="68.835" errors="0">
  <testcase name="TC_01_Register_unsuccessful_with_all_empty_fields" time="2.641" classname="testcases_cloud.Travels_SignUp_cloud"/>
  <testcase name="TC_03_Register_unsuccessful_with_an_invalid_password" time="12.628" classname="testcases_cloud.Travels_SignUp_cloud"/>
  <testcase name="TC_05_Register_successful" time="19.043" classname="testcases_cloud.Travels_SignUp_cloud"/>
  <testcase name="TC_02_Register_unsuccessful_with_an_invalid_email" time="11.489" classname="testcases_cloud.Travels_SignUp_cloud"/>
  <testcase name="TC_04_Register_unsuccessful_with_password_confirm_password_not_match" time="12.938" classname="testcases_cloud.Travels_SignUp_cloud"/>
  <testcase name="TC_06_Register_unsuccessful_with_an_existing_email" time="10.096" classname="testcases_cloud.Travels_SignUp_cloud"/>
</testsuite> <!-- testcases_cloud.Travels_SignUp_cloud -->
