<?xml version="1.0" encoding="UTF-8"?>
<!-- Generated by org.testng.reporters.JUnitReportReporter -->
<testsuite skipped="0" hostname="DESKTOP-BI6QJ3M" name="testcases_cloud.Travels_LogIn_cloud" tests="10" failures="0" timestamp="02 Jun 2017 17:28:33 GMT" time="47.828" errors="0">
  <testcase name="TC_02_LogIn_with_a_valid_email_format_without_password" time="3.954" classname="testcases_cloud.Travels_LogIn_cloud"/>
  <testcase name="TC_03_Login_with_a_password_without_email" time="1.558" classname="testcases_cloud.Travels_LogIn_cloud"/>
  <testcase name="TC_03_Login_with_a_password_without_email" time="1.623" classname="testcases_cloud.Travels_LogIn_cloud"/>
  <testcase name="TC_02_LogIn_with_a_valid_email_format_without_password" time="4.290" classname="testcases_cloud.Travels_LogIn_cloud"/>
  <testcase name="TC_04_Login_with_an_invalid_account" time="5.816" classname="testcases_cloud.Travels_LogIn_cloud"/>
  <testcase name="TC_05_Login_successfully" time="8.908" classname="testcases_cloud.Travels_LogIn_cloud"/>
  <testcase name="TC_01_Not_input_email_and_password" time="2.434" classname="testcases_cloud.Travels_LogIn_cloud"/>
  <testcase name="TC_05_Login_successfully" time="9.322" classname="testcases_cloud.Travels_LogIn_cloud"/>
  <testcase name="TC_04_Login_with_an_invalid_account" time="5.290" classname="testcases_cloud.Travels_LogIn_cloud"/>
  <testcase name="TC_01_Not_input_email_and_password" time="4.633" classname="testcases_cloud.Travels_LogIn_cloud"/>
</testsuite> <!-- testcases_cloud.Travels_LogIn_cloud -->
